<?xml version="1.0" encoding="UTF-8"?>
<!-- Generated by org.testng.reporters.JUnitReportReporter -->
<testsuite hostname="DESKTOP-LU3V8KF" failures="0" tests="5" name="com.browserstack.assignment.WebScrapTest" time="644.940" errors="0" timestamp="2025-07-12T13:18:04 IST" skipped="0">
  <testcase classname="com.browserstack.assignment.WebScrapTest" name="runWebScraperTest" time="124.361"/>
  <testcase classname="com.browserstack.assignment.WebScrapTest" name="runWebScraperTest" time="130.094"/>
  <testcase classname="com.browserstack.assignment.WebScrapTest" name="runWebScraperTest" time="101.565"/>
  <testcase classname="com.browserstack.assignment.WebScrapTest" name="runWebScraperTest" time="157.713"/>
  <testcase classname="com.browserstack.assignment.WebScrapTest" name="runWebScraperTest" time="131.207"/>
</testsuite> <!-- com.browserstack.assignment.WebScrapTest -->
