<?xml version="1.0" encoding="UTF-8"?>
<!-- Generated by org.testng.reporters.JUnitReportReporter -->
<testsuite hostname="DESKTOP-LU3V8KF" failures="0" tests="5" name="com.browserstack.assignment.WebScrapTest" time="950.039" errors="0" timestamp="2025-07-12T19:21:21 IST" skipped="0">
  <testcase classname="com.browserstack.assignment.WebScrapTest" name="runWebScraperTest" time="152.812"/>
  <testcase classname="com.browserstack.assignment.WebScrapTest" name="runWebScraperTest" time="297.512"/>
  <testcase classname="com.browserstack.assignment.WebScrapTest" name="runWebScraperTest" time="122.764"/>
  <testcase classname="com.browserstack.assignment.WebScrapTest" name="runWebScraperTest" time="219.041"/>
  <testcase classname="com.browserstack.assignment.WebScrapTest" name="runWebScraperTest" time="157.910"/>
</testsuite> <!-- com.browserstack.assignment.WebScrapTest -->
